inf
0.0463385
0.0379789
0.0334748
0.0259312
0.0213501
0.0182208
0.0157925
0.0155744
0.0146595
0.0134018
0.012495
0.0114961
0.0106523
0.0100607
0.00991953
0.00932425
0.00889538
0.00841457
0.00829896
0.00795957
0.00763044
0.00733614
0.007035
0.0068369
0.0065756
0.00640217
0.00618102
0.00599459
0.00579136
0.00565367
0.00554415
0.00553634
0.0056079
0.00547211
0.00532509
0.00528248
0.00514866
0.00501532
0.00495957
0.00483831
0.00472203
0.00461117
0.00455596
0.00445751
0.00436524
0.00428445
0.00419699
0.00411641
0.00404673
0.00396964
0.00392701
0.00387301
0.00385345
0.00379768
0.00373645
0.00370766
0.00367922
0.00363392
0.00357737
0.003651
0.00368528
0.00362628
0.00357714
0.00353679
0.00348271
0.0035468
0.00349731
0.00347016
0.00360322
0.00355871
0.00350898
0.00346765
0.00353427
0.00348697
0.00346987
0.00346763
0.00346272
0.00344134
0.00340015
0.00343005
0.00340414
0.00337285
0.00333305
0.00334388
0.00330486
0.00326849
0.00326583
0.00323513
0.00320533
0.00327647
0.00327152
0.00324824
0.00321349
0.00320544
0.00317312
0.0031423
0.00311876
0.00309729
0.00306696
