1.06226
0.980392
0.705805
0.400893
0.283735
0.220392
0.172807
0.147295
0.118273
0.10441
0.100928
0.0865847
0.0823659
0.0764989
0.0737582
0.0607177
0.0619578
0.059923
0.0550792
0.0548532
0.0517241
0.0488874
0.0467323
0.0426771
0.0395484
0.0395344
0.03629
0.0361976
0.0346737
0.0339546
0.0341863
0.033014
0.0286362
0.0320842
0.030432
0.0287647
0.0261011
0.0272356
0.026399
0.0266587
0.0250209
0.0242248
0.0238802
0.0240691
0.0229859
0.0224193
0.0221869
0.0213356
0.0201166
0.020733
0.0196773
0.0203292
0.0185329
0.0196292
0.0191266
0.0183114
0.0167095
0.0185512
0.017946
0.0163829
0.0182281
0.0150089
0.015983
0.0158752
0.0149823
0.0153305
0.0132519
0.0150257
0.0139953
0.0126431
0.0139275
0.013884
0.0134696
0.0151068
0.0135922
0.0125722
0.0142339
0.0122102
0.0119522
0.012297
0.0112295
0.0117554
0.0124504
0.0121041
0.0129717
0.0116888
0.0118673
0.0124083
0.0119478
0.0108922
0.0124756
0.0117337
0.0113107
0.0107711
0.0113387
0.0108342
0.0103115
0.0107331
0.0106185
0.00965283
