1      1    0
2      1.41679    0.00437305
3      1.72934    0.0061885
4      1.99044    0.00751897
5      2.22012    0.00890693
6      2.43102    0.00854079
7      2.64094    0.00906025
8      2.83124    0.00964148
9      2.99887    0.00981608
10      3.16818    0.010916
11      3.32151    0.011274
12      3.47725    0.0132132
13      3.62233    0.0149833
14      3.75671    0.0150988
15      3.88888    0.0154867
16      4.01722    0.0166222
17      4.14283    0.0176721
18      4.26442    0.0187346
19      4.39143    0.0197804
20      4.49751    0.0211211
21      4.60693    0.0216563
22      4.70761    0.0219102
23      4.81292    0.0226026
24      4.91671    0.022553
25      5.02397    0.0231268
26      5.12027    0.0238697
27      5.2169    0.0246717
28      5.30117    0.025472
29      5.38687    0.0253344
30      5.47256    0.0255135
31      5.55802    0.0258223
32      5.64277    0.0266785
33      5.7186    0.0274569
34      5.80014    0.027625
35      5.88499    0.0277098
36      5.96907    0.0286629
37      6.04863    0.0288538
38      6.14119    0.0292452
39      6.23088    0.0295763
40      6.31766    0.0295068
41      6.38787    0.0303332
42      6.45397    0.0304494
43      6.5335    0.0303554
44      6.60912    0.0305586
45      6.69289    0.0313157
46      6.76414    0.031298
47      6.83897    0.0320893
48      6.90977    0.0328862
49      6.97573    0.034397
50      7.05017    0.0344654
51      7.11597    0.03391
52      7.18142    0.0339446
53      7.25071    0.0341941
54      7.31931    0.0340366
55      7.38301    0.0338924
56      7.44238    0.034451
57      7.50478    0.0353212
58      7.56485    0.0353449
59      7.61742    0.0340224
60      7.67326    0.0344575
61      7.74339    0.0340248
62      7.80759    0.0337129
63      7.87595    0.0347297
64      7.94047    0.0357189
65      7.99702    0.0360161
66      8.05708    0.035933
67      8.12307    0.0373896
68      8.18007    0.0378341
69      8.2508    0.0393926
70      8.31511    0.0382851
71      8.38089    0.0395849
72      8.43685    0.0386794
73      8.49028    0.0390409
74      8.5491    0.0394146
75      8.60993    0.0404134
76      8.662    0.0414565
77      8.72178    0.0416658
78      8.7789    0.0419796
79      8.83736    0.0428364
80      8.89726    0.0429351
81      8.95325    0.04317
82      9.018    0.0434923
83      9.06767    0.0434509
84      9.12644    0.0434613
85      9.18364    0.043584
86      9.23613    0.0439262
87      9.28606    0.0445715
88      9.35281    0.044882
89      9.4122    0.0448331
90      9.4538    0.0455345
91      9.5153    0.0466111
92      9.5709    0.0461203
93      9.62211    0.0454769
94      9.67079    0.0440963
95      9.71841    0.0439058
96      9.77177    0.0438195
97      9.81399    0.0436404
98      9.86574    0.0437687
99      9.91706    0.0452314
100      9.95896    0.0454062
