1      1    0
2      1.4144    0.00411572
3      1.73234    0.00619508
4      2.00841    0.00731507
5      2.24796    0.00868012
6      2.45537    0.0100396
7      2.65246    0.0104624
8      2.83329    0.0111377
9      3.00311    0.0115176
10      3.17369    0.0124385
11      3.32186    0.0135746
12      3.47641    0.0144971
13      3.61258    0.0157244
14      3.74782    0.0161549
15      3.87478    0.0169641
16      4.00099    0.0174391
17      4.13026    0.0179675
18      4.25152    0.0175202
19      4.36355    0.0184921
20      4.47467    0.0184115
21      4.58976    0.0186757
22      4.69588    0.0180183
23      4.78844    0.0168946
24      4.90005    0.0167297
25      5.00764    0.0177374
26      5.10918    0.0170656
27      5.19867    0.0173565
28      5.29071    0.0169439
29      5.38241    0.0176596
30      5.48338    0.01801
31      5.57718    0.0181051
32      5.66597    0.0180196
33      5.76289    0.0194132
34      5.84557    0.0199338
35      5.92578    0.020837
36      6.01178    0.0210927
37      6.08839    0.0212629
38      6.1739    0.0219165
39      6.2609    0.0218306
40      6.34064    0.021996
41      6.41166    0.0220167
42      6.49351    0.0218747
43      6.56866    0.0237622
44      6.65    0.0246862
45      6.72375    0.0255448
46      6.79645    0.0255555
47      6.86185    0.0260252
48      6.93181    0.0261601
49      7.00796    0.0275677
50      7.07798    0.0277442
51      7.14875    0.0267655
52      7.21489    0.0273985
53      7.28356    0.0270076
54      7.36364    0.0272323
55      7.42586    0.0256951
56      7.49291    0.026792
57      7.56551    0.0272449
58      7.62275    0.0280919
59      7.68645    0.0280421
60      7.75318    0.0278464
61      7.82722    0.027605
62      7.8838    0.0283145
63      7.94803    0.0284041
64      8.01653    0.0295827
65      8.07463    0.0298451
66      8.14881    0.0310234
67      8.2086    0.0309371
68      8.27632    0.0318968
69      8.33392    0.0320861
70      8.39221    0.0317906
71      8.44693    0.0327076
72      8.50131    0.032841
73      8.5557    0.0339718
74      8.6192    0.0349331
75      8.67759    0.0352033
76      8.73807    0.0372433
77      8.79083    0.0371989
78      8.84581    0.0376952
79      8.8943    0.0376633
80      8.94756    0.0380275
81      9.0007    0.0380639
82      9.06264    0.0384131
83      9.12801    0.0399756
84      9.18517    0.040209
85      9.23685    0.0400967
86      9.28797    0.0410708
87      9.34622    0.0404517
88      9.39487    0.0415308
89      9.46274    0.0407511
90      9.50964    0.0406389
91      9.56061    0.0408547
92      9.61021    0.0409004
93      9.65678    0.0425975
94      9.70071    0.0426882
95      9.75263    0.0427882
96      9.80074    0.0424112
97      9.84987    0.0428613
98      9.90286    0.0421668
99      9.95527    0.0416616
100      9.99041    0.0419566
