0
0.00437305
0.0061885
0.00751897
0.00890693
0.00854079
0.00906025
0.00964148
0.00981608
0.010916
0.011274
0.0132132
0.0149833
0.0150988
0.0154867
0.0166222
0.0176721
0.0187346
0.0197804
0.0211211
0.0216563
0.0219102
0.0226026
0.022553
0.0231268
0.0238697
0.0246717
0.025472
0.0253344
0.0255135
0.0258223
0.0266785
0.0274569
0.027625
0.0277098
0.0286629
0.0288538
0.0292452
0.0295763
0.0295068
0.0303332
0.0304494
0.0303554
0.0305586
0.0313157
0.031298
0.0320893
0.0328862
0.034397
0.0344654
0.03391
0.0339446
0.0341941
0.0340366
0.0338924
0.034451
0.0353212
0.0353449
0.0340224
0.0344575
0.0340248
0.0337129
0.0347297
0.0357189
0.0360161
0.035933
0.0373896
0.0378341
0.0393926
0.0382851
0.0395849
0.0386794
0.0390409
0.0394146
0.0404134
0.0414565
0.0416658
0.0419796
0.0428364
0.0429351
0.04317
0.0434923
0.0434509
0.0434613
0.043584
0.0439262
0.0445715
0.044882
0.0448331
0.0455345
0.0466111
0.0461203
0.0454769
0.0440963
0.0439058
0.0438195
0.0436404
0.0437687
0.0452314
0.0454062
