0
0.00411572
0.00619508
0.00731507
0.00868012
0.0100396
0.0104624
0.0111377
0.0115176
0.0124385
0.0135746
0.0144971
0.0157244
0.0161549
0.0169641
0.0174391
0.0179675
0.0175202
0.0184921
0.0184115
0.0186757
0.0180183
0.0168946
0.0167297
0.0177374
0.0170656
0.0173565
0.0169439
0.0176596
0.01801
0.0181051
0.0180196
0.0194132
0.0199338
0.020837
0.0210927
0.0212629
0.0219165
0.0218306
0.021996
0.0220167
0.0218747
0.0237622
0.0246862
0.0255448
0.0255555
0.0260252
0.0261601
0.0275677
0.0277442
0.0267655
0.0273985
0.0270076
0.0272323
0.0256951
0.026792
0.0272449
0.0280919
0.0280421
0.0278464
0.027605
0.0283145
0.0284041
0.0295827
0.0298451
0.0310234
0.0309371
0.0318968
0.0320861
0.0317906
0.0327076
0.032841
0.0339718
0.0349331
0.0352033
0.0372433
0.0371989
0.0376952
0.0376633
0.0380275
0.0380639
0.0384131
0.0399756
0.040209
0.0400967
0.0410708
0.0404517
0.0415308
0.0407511
0.0406389
0.0408547
0.0409004
0.0425975
0.0426882
0.0427882
0.0424112
0.0428613
0.0421668
0.0416616
0.0419566
