0    0.456646    0
1    0.502985    0.0463385
2    0.476028    0.0379789
3    0.496012    0.0334748
4    0.495708    0.0259312
5    0.492961    0.0213501
6    0.495492    0.0182208
7    0.494858    0.0157925
8    0.501828    0.0155744
9    0.506394    0.0146595
10    0.50445    0.0134018
11    0.50699    0.012495
12    0.506744    0.0114961
13    0.507175    0.0106523
14    0.505479    0.0100607
15    0.508615    0.00991953
16    0.50896    0.00932425
17    0.507601    0.00889538
18    0.507688    0.00841457
19    0.505419    0.00829896
20    0.504399    0.00795957
21    0.503605    0.00763044
22    0.502794    0.00733614
23    0.503193    0.007035
24    0.504293    0.0068369
25    0.504593    0.0065756
26    0.505569    0.00640217
27    0.505949    0.00618102
28    0.506554    0.00599459
29    0.506531    0.00579136
30    0.505764    0.00565367
31    0.504886    0.00554415
32    0.506219    0.00553634
33    0.504607    0.0056079
34    0.504065    0.00547211
35    0.503789    0.00532509
36    0.504829    0.00528248
37    0.504561    0.00514866
38    0.504497    0.00501532
39    0.503659    0.00495957
40    0.503773    0.00483831
41    0.503827    0.00472203
42    0.503877    0.00461117
43    0.503199    0.00455596
44    0.50301    0.00445751
45    0.502786    0.00436524
46    0.502452    0.00428445
47    0.502301    0.00419699
48    0.502522    0.00411641
49    0.502191    0.00404673
50    0.502344    0.00396964
51    0.501825    0.00392701
52    0.502225    0.00387301
53    0.501589    0.00385345
54    0.501251    0.00379768
55    0.50102    0.00373645
56    0.501545    0.00370766
57    0.501032    0.00367922
58    0.500675    0.00363392
59    0.500854    0.00357737
60    0.499879    0.003651
61    0.500704    0.00368528
62    0.500697    0.00362628
63    0.500935    0.00357714
64    0.501261    0.00353679
65    0.50124    0.00348271
66    0.502142    0.0035468
67    0.501995    0.00349731
68    0.502402    0.00347016
69    0.503536    0.00360322
70    0.503753    0.00355871
71    0.503759    0.00350898
72    0.50398    0.00346765
73    0.50309    0.00353427
74    0.503112    0.00348697
75    0.50356    0.00346987
76    0.503015    0.00346763
77    0.50354    0.00346272
78    0.503935    0.00344134
79    0.504052    0.00340015
80    0.504752    0.00343005
81    0.505084    0.00340414
82    0.504825    0.00337285
83    0.504764    0.00333305
84    0.504186    0.00334388
85    0.504168    0.00330486
86    0.504057    0.00326849
87    0.503582    0.00326583
88    0.503382    0.00323513
89    0.503583    0.00320533
90    0.502754    0.00327647
91    0.502306    0.00327152
92    0.502027    0.00324824
93    0.502016    0.00321349
94    0.501609    0.00320544
95    0.501519    0.00317312
96    0.501633    0.0031423
97    0.501401    0.00311876
98    0.501149    0.00309729
99    0.501214    0.00306696
