0    3.01887    0
1    3.03615    0.017321
2    3.10154    0.0661466
3    3.0628    0.0607315
4    3.09024    0.0544635
5    3.12165    0.0544403
6    3.12922    0.0466306
7    3.13568    0.0408971
8    3.14141    0.0365215
9    3.14473    0.0328347
10    3.13803    0.0304456
11    3.14588    0.0288846
12    3.15054    0.026973
13    3.16114    0.0271305
14    3.14684    0.0290244
15    3.14434    0.0272638
16    3.14575    0.0256502
17    3.14225    0.0244342
18    3.14297    0.0231229
19    3.14582    0.0221203
20    3.15311    0.0222696
21    3.15642    0.0214876
22    3.15831    0.0206208
23    3.15795    0.0197455
24    3.16251    0.0194822
25    3.15526    0.0200744
26    3.15021    0.0199668
27    3.15267    0.0193966
28    3.15172    0.0187407
29    3.14767    0.0185518
30    3.14774    0.0179441
31    3.14877    0.017405
32    3.14501    0.0172845
33    3.14318    0.0168661
34    3.1439    0.0163921
35    3.1427    0.0159761
36    3.14584    0.015851
37    3.15041    0.0160909
38    3.14574    0.0163522
39    3.14584    0.0159384
40    3.14401    0.0156518
41    3.144    0.0152741
42    3.14356    0.0149207
43    3.14528    0.0146787
44    3.14824    0.0146526
45    3.14457    0.0147916
46    3.14326    0.0145328
47    3.14352    0.0142286
48    3.14352    0.013935
49    3.14478    0.0137123
50    3.14611    0.0135075
51    3.14777    0.0133479
52    3.14828    0.0131032
53    3.14773    0.0128692
54    3.14645    0.0126989
55    3.14448    0.0126244
56    3.14227    0.0125954
57    3.14316    0.0124071
58    3.14154    0.0123019
59    3.13949    0.0122666
60    3.13705    0.0123075
61    3.13901    0.0122651
62    3.13841    0.0120843
63    3.13801    0.0119011
64    3.13819    0.0117177
65    3.13893    0.0115627
66    3.13639    0.0116699
67    3.13704    0.0115151
68    3.13758    0.0113611
69    3.13848    0.0112323
70    3.13812    0.0110796
71    3.13793    0.0109258
72    3.13852    0.0107921
73    3.13997    0.0107423
74    3.14129    0.0106795
75    3.14164    0.010544
76    3.14072    0.0104463
77    3.14021    0.0103252
78    3.14065    0.0102031
79    3.13963    0.0101252
80    3.13983    0.0100004
81    3.14025    0.0098868
82    3.1416    0.00985909
83    3.14034    0.00982237
84    3.14067    0.00971188
85    3.14144    0.00962892
86    3.14233    0.00955801
87    3.14152    0.00948461
88    3.13964    0.00956465
89    3.14053    0.00949828
90    3.1395    0.00944948
91    3.14051    0.00940006
92    3.14054    0.0092981
93    3.14019    0.00920644
94    3.14237    0.00936553
95    3.14257    0.00927005
96    3.14297    0.00918259
97    3.14182    0.00916109
98    3.14046    0.00916881
99    3.14204    0.00921375
