3.14157
3.1428
3.14445
3.14265
3.14182
3.13669
3.13572
3.13706
3.13798
3.13939
3.13626
3.13794
3.13578
3.13973
3.13793
3.13866
3.13668
3.1375
3.13966
3.14191
3.14061
3.14173
3.13992
3.1402
3.1417
3.13962
3.14089
3.14048
3.14064
3.14088
3.13986
3.13894
3.13962
3.13995
3.13989
3.13877
3.13989
3.13872
3.13876
3.13879
3.1386
3.13877
3.1393
3.1389
3.13835
3.13925
3.13852
3.13786
3.13866
3.13896
3.13996
3.13962
3.13919
3.13923
3.13934
3.13845
3.13838
3.13749
3.13781
3.13818
3.13742
3.13793
3.13844
3.1384
3.13863
3.13825
3.13803
3.1373
3.13768
3.13779
3.13746
3.13841
3.13818
3.13848
3.1383
3.1377
3.13827
3.13753
3.13704
3.13667
3.13732
3.13805
3.13795
3.13792
3.13776
3.13746
3.13788
3.13806
3.1388
3.13884
3.13864
3.13783
3.13772
3.1381
3.1381
3.13753
3.13778
3.13735
3.1375
3.13727
