0    0.0890399    0
1    0.0936191    0.00457932
2    0.0876198    0.00655606
3    0.0889464    0.00482192
4    0.0867139    0.00435142
5    0.0852591    0.00383922
6    0.0840464    0.00346394
7    0.0847467    0.00308054
8    0.0836774    0.00291965
9    0.0834513    0.00262121
10    0.084686    0.00267317
11    0.0848619    0.00244662
12    0.085203    0.00227624
13    0.0846059    0.00219034
14    0.0845063    0.00204152
15    0.0850369    0.001982
16    0.0842032    0.00203992
17    0.0845239    0.00194981
18    0.0843695    0.00185079
19    0.0850092    0.0018687
20    0.0848088    0.00178873
21    0.0846183    0.00171612
22    0.0845317    0.00164207
23    0.0845532    0.00157231
24    0.0846485    0.00151111
25    0.0842996    0.00149315
26    0.0845109    0.00145226
27    0.0843018    0.00141498
28    0.08408    0.00138322
29    0.0842106    0.00134267
30    0.0842668    0.00129986
31    0.084554    0.00129094
32    0.0846628    0.00125591
33    0.0849451    0.0012507
34    0.0846711    0.00124498
35    0.0846966    0.00121017
36    0.0845736    0.00118341
37    0.0845633    0.00115189
38    0.0844152    0.00113169
39    0.0845043    0.00110662
40    0.0842218    0.00111565
41    0.0841499    0.00109114
42    0.0839102    0.00109207
43    0.0840134    0.00107195
44    0.0839672    0.00104888
45    0.0840126    0.00102682
46    0.0840238    0.00100482
47    0.0840943    0.000986173
48    0.0842817    0.00098386
49    0.0843446    0.000966031
50    0.0843382    0.000946929
51    0.0843677    0.000929004
52    0.0843662    0.000911318
53    0.0845159    0.000906727
54    0.0844388    0.000893414
55    0.0845669    0.000886624
56    0.0847403    0.000888019
57    0.0845299    0.000897577
58    0.0844288    0.000888012
59    0.0846083    0.000891356
60    0.0845961    0.000876709
61    0.08464    0.000863566
62    0.0846889    0.000851171
63    0.0843652    0.000898102
64    0.0844116    0.000885386
65    0.0844199    0.000871914
66    0.0847117    0.000907033
67    0.0847493    0.000894391
68    0.08473    0.000881546
69    0.0846445    0.000873047
70    0.0845463    0.000866256
71    0.0845911    0.000855313
72    0.0845472    0.000844665
73    0.0845119    0.000833916
74    0.0843866    0.000832202
75    0.0843506    0.000821962
76    0.0841446    0.000836965
77    0.0840398    0.000832792
78    0.0841207    0.000826171
79    0.084177    0.000817723
80    0.0841929    0.000807722
81    0.0841294    0.000800334
82    0.0841483    0.00079085
83    0.0841147    0.000782108
84    0.0839629    0.000787614
85    0.083994    0.000779022
86    0.0838782    0.00077868
87    0.0837091    0.000788142
88    0.0834739    0.000813938
89    0.0834475    0.000805279
90    0.0833944    0.000798151
91    0.0833649    0.000789985
92    0.0833518    0.000781551
93    0.0833588    0.000773223
94    0.0833117    0.000766491
95    0.0831658    0.000772369
96    0.0830795    0.000769219
97    0.0830291    0.000762999
98    0.0830134    0.000755421
99    0.0832638    0.000788621
