0.295686
0.346604
0.313648
0.334958
0.332422
0.328221
0.329539
0.329604
0.335505
0.339846
0.339136
0.341852
0.341947
0.341781
0.339985
0.343652
0.343163
0.342125
0.342057
0.340428
0.339208
0.338223
0.337326
0.337746
0.338941
0.338893
0.34008
0.340251
0.340634
0.340741
0.340031
0.33944
0.340882
0.339552
0.338736
0.338486
0.339402
0.339125
0.338912
0.338164
0.337995
0.337977
0.337788
0.337212
0.336977
0.336799
0.336476
0.336395
0.336804
0.336535
0.336683
0.336193
0.336591
0.336105
0.33569
0.335587
0.336286
0.335562
0.335104
0.335463
0.334475
0.335344
0.335386
0.3353
0.335672
0.33566
0.336853
0.336744
0.337133
0.338181
0.3383
0.33835
0.338527
0.337602
0.337499
0.337911
0.33716
0.33758
0.338055
0.338229
0.338945
0.339214
0.338973
0.338879
0.338149
0.338162
0.337935
0.337291
0.336856
0.337031
0.336149
0.335671
0.335379
0.335375
0.334921
0.334685
0.334713
0.33443
0.334163
0.334478
