inf
0.00175271
0.00196961
0.00233696
0.00193249
0.00540209
0.00464486
0.00424588
0.00383302
0.00371602
0.00458813
0.00450586
0.00469402
0.00586802
0.00574341
0.00542685
0.00546834
0.0052217
0.00538437
0.00558557
0.00547693
0.00533988
0.00541119
0.00519297
0.00519909
0.00541596
0.00536313
0.00518111
0.00500608
0.00484166
0.00478913
0.00472722
0.00463159
0.00450573
0.00437187
0.00439571
0.00441944
0.00445948
0.0043428
0.0042324
0.00413145
0.00403639
0.00397321
0.00390418
0.00385262
0.00387203
0.00386033
0.00383635
0.0038408
0.00377331
0.00383449
0.00377463
0.00373165
0.0036595
0.00359708
0.00363911
0.00357501
0.00362092
0.00357302
0.00353147
0.00355549
0.00353657
0.00351674
0.00346026
0.00341186
0.00338064
0.00333674
0.00336721
0.00334317
0.00329821
0.00326723
0.00335823
0.00332172
0.00328636
0.00324859
0.00326032
0.00326804
0.00330632
0.00330214
0.00328179
0.00330671
0.003348
0.00331112
0.00327231
0.0032361
0.00321205
0.00320185
0.0031716
0.00321962
0.00318389
0.00315513
0.0032248
0.00319396
0.00318227
0.00314712
0.00316647
0.00314019
0.00313739
0.00311116
0.00308765
