0     0.999536     0
100     0.986215     0.0133208
200     0.992647     0.0100276
300     0.990822     0.00732252
400     0.989725     0.00577439
500     0.989656     0.00471496
600     0.991649     0.00445613
700     0.992898     0.00405575
800     0.993611     0.00364604
900     0.994664     0.00342689
1000     0.994845     0.00310374
1100     0.996309     0.00319038
1200     0.996518     0.00294122
1300     0.996358     0.00272748
1400     0.996063     0.00255556
1500     0.996753     0.00248742
1600     0.99654     0.00234737
1700     0.99778     0.00253603
1800     0.998221     0.00243929
1900     0.99782     0.0023499
2000     0.998558     0.0023532
2100     0.998379     0.00225019
2200     0.998293     0.00215186
2300     0.99842     0.00206415
2400     0.998483     0.00198179
2500     0.997943     0.00197919
2600     0.997504     0.00195343
2700     0.997367     0.00188682
2800     0.998171     0.00199085
2900     0.999297     0.00222917
3000     0.999162     0.00215998
3100     0.999101     0.00209258
3200     0.999584     0.00208598
3300     0.999259     0.00204916
3400     0.999346     0.00199127
3500     0.999269     0.00193607
3600     0.999339     0.00188306
3700     0.999734     0.00187563
3800     0.999274     0.00188452
3900     0.999216     0.00183686
4000     0.998794     0.00184104
4100     0.998973     0.00180469
4200     0.999052     0.00176371
4300     0.998246     0.00190293
4400     0.998824     0.0019475
4500     0.998556     0.00192374
4600     0.998847     0.00190499
4700     0.999067     0.00187778
4800     0.999046     0.0018401
4900     0.999116     0.00180383
5000     0.999269     0.0017747
5100     0.99946     0.00175024
5200     0.999897     0.00177182
5300     1.00052     0.00184582
5400     1.00079     0.0018311
5500     1.00095     0.00180571
5600     1.0014     0.00182901
5700     1.00156     0.00180425
5800     1.0017     0.00177903
5900     1.00168     0.00174856
6000     1.00164     0.00172019
6100     1.00171     0.001694
6200     1.00174     0.00166653
6300     1.00183     0.00164264
6400     1.00176     0.00161894
6500     1.00156     0.00160671
6600     1.00157     0.00158237
6700     1.00154     0.001559
6800     1.00153     0.00153693
6900     1.00142     0.00151758
7000     1.00147     0.00149703
7100     1.00151     0.00147623
7200     1.00178     0.00148186
7300     1.00164     0.00146952
7400     1.00168     0.00144961
7500     1.00153     0.00143825
7600     1.00148     0.00142055
7700     1.00154     0.00140333
7800     1.00154     0.00138556
7900     1.00143     0.00137165
8000     1.00128     0.00136331
8100     1.0011     0.00135787
8200     1.00144     0.00138302
8300     1.00145     0.00136658
8400     1.00145     0.00135006
8500     1.0014     0.00133651
8600     1.00119     0.00133673
8700     1.00147     0.00135136
8800     1.00164     0.00134503
8900     1.00175     0.00133534
9000     1.00152     0.00134045
9100     1.00139     0.0013317
9200     1.00118     0.00133346
9300     1.0012     0.00131979
9400     1.00125     0.00130598
9500     1.00148     0.00131337
9600     1.00145     0.00130017
9700     1.0015     0.00128811
9800     1.00161     0.00127972
9900     1.00152     0.00127008
