0     1.06226     0
100     0.980392     0.0818725
200     1.0326     0.0704297
300     0.998894     0.0601369
400     1.00267     0.0467353
500     1.00866     0.0386266
600     1.00589     0.0327625
700     1.00585     0.0283735
800     0.995994     0.0268933
900     0.988977     0.0250566
1000     0.990506     0.0227162
1100     0.986138     0.021192
1200     0.985987     0.0194944
1300     0.986175     0.0180493
1400     0.989088     0.0170536
1500     0.983378     0.0169435
1600     0.983918     0.0159248
1700     0.985737     0.0151234
1800     0.985781     0.0143057
1900     0.988592     0.013859
2000     0.990628     0.013339
2100     0.992136     0.0128072
2200     0.993606     0.012326
2300     0.992936     0.0118202
2400     0.99106     0.0114917
2500     0.990955     0.0110414
2600     0.989079     0.010789
2700     0.988656     0.010405
2800     0.98799     0.0100619
2900     0.987856     0.00972152
3000     0.989081     0.00948224
3100     0.990118     0.00923939
3200     0.98775     0.00926281
3300     0.98994     0.00924929
3400     0.991172     0.00906501
3500     0.991558     0.00881822
3600     0.990083     0.00870246
3700     0.990577     0.0084847
3800     0.990878     0.00826984
3900     0.992105     0.00815313
4000     0.992278     0.00795377
4100     0.992282     0.00776224
4200     0.992522     0.00758315
4300     0.993491     0.00747207
4400     0.993865     0.00731353
4500     0.994179     0.00715965
4600     0.994736     0.00702782
4700     0.994886     0.00688144
4800     0.994263     0.0067681
4900     0.994708     0.00664658
5000     0.994475     0.00651904
5100     0.995301     0.00644564
5200     0.994671     0.00635412
5300     0.995538     0.00629517
5400     0.996207     0.00621574
5500     0.996387     0.00610636
5600     0.995295     0.00609693
5700     0.996398     0.00609162
5800     0.997141     0.00603348
5900     0.996606     0.00595614
6000     0.998228     0.00607793
6100     0.996842     0.00613758
6200     0.996764     0.00603981
6300     0.996815     0.00594504
6400     0.996217     0.0058834
6500     0.996227     0.00579376
6600     0.994381     0.00599793
6700     0.994588     0.0059127
6800     0.993951     0.00586111
6900     0.992195     0.00603771
7000     0.99197     0.00595646
7100     0.991883     0.00587366
7200     0.991575     0.00580089
7300     0.9931     0.00592177
7400     0.99325     0.0058442
7500     0.992574     0.00580602
7600     0.993754     0.0058503
7700     0.993042     0.00581872
7800     0.992269     0.00579619
7900     0.992013     0.00572915
8000     0.990844     0.00577745
8100     0.990379     0.00572541
8200     0.990755     0.00566859
8300     0.990917     0.00560306
8400     0.992088     0.00565946
8500     0.99209     0.00559317
8600     0.99242     0.00553843
8700     0.993416     0.00556484
8800     0.994062     0.00553979
8900     0.993776     0.00548541
9000     0.995212     0.00561154
9100     0.995992     0.0056047
9200     0.996467     0.0055645
9300     0.996517     0.0055053
9400     0.997253     0.00549645
9500     0.997581     0.00544879
9600     0.997496     0.00539306
9700     0.997946     0.00535661
9800     0.998376     0.00531948
9900     0.997939     0.00528417
