0
0.0818725
0.357354
0.276389
0.22619
0.189072
0.154065
0.134287
0.109495
0.0976415
0.0951688
0.0821494
0.0785334
0.0732387
0.0708661
0.0585474
0.0598721
0.0580215
0.0534354
0.0533111
0.0503444
0.0476493
0.0456058
0.0416979
0.0386801
0.0387033
0.0355584
0.0354955
0.0340255
0.0333428
0.0335926
0.0324591
0.0281769
0.0315883
0.0299678
0.0283389
0.0257275
0.0268565
0.0260398
0.026306
0.0246986
0.0239201
0.0235872
0.0237811
0.0227172
0.0221631
0.0219391
0.0211025
0.0199017
0.0205165
0.0194757
0.0201254
0.0183513
0.0194406
0.0189453
0.0181412
0.0165578
0.0183871
0.017788
0.0162419
0.0180751
0.0148881
0.0158523
0.0157467
0.0148631
0.0152104
0.0131516
0.0149134
0.0138909
0.0125506
0.0138273
0.0137845
0.0133745
0.0150031
0.0134997
0.0124874
0.0141403
0.0121315
0.0118743
0.0122181
0.0111587
0.0116819
0.0123737
0.0120301
0.0128938
0.0116197
0.0117974
0.0123362
0.011879
0.0108305
0.0124066
0.0116685
0.0112484
0.0107125
0.0112778
0.0107765
0.0102572
0.0106772
0.0105637
0.00960385
