0.978548
0.996583
0.999438
1.00251
0.992003
0.985
0.982964
0.975062
0.976685
0.976496
0.975699
0.979393
0.977192
0.979418
0.977453
0.978267
0.980025
0.981955
0.979616
0.985353
0.986361
0.989317
0.991194
0.990177
0.988263
0.989682
0.990328
0.99241
0.992099
0.991653
0.991765
0.990778
0.990771
0.990179
0.988965
0.987393
0.987718
0.987772
0.988844
0.987794
0.98655
0.988299
0.988774
0.989602
0.990281
0.992498
0.99281
0.995141
0.995961
0.996706
0.998024
0.997451
0.998476
0.998529
0.998911
0.999806
1.00079
1.00124
1.00049
0.99922
0.998976
0.999236
0.999645
0.999867
0.997919
0.997871
0.99743
0.99787
0.997695
0.997613
0.997712
0.998403
0.99805
0.998776
0.998728
0.998198
0.997249
0.996539
0.9949
0.994657
0.994588
0.994287
0.9937
0.994118
0.993758
0.993608
0.993528
0.994015
0.99352
0.99364
0.994851
0.994654
0.995028
0.994509
0.994028
0.994727
0.994663
0.994351
0.994454
0.994718
