0
0.0180368
0.0107971
0.00822692
0.0122867
0.0122344
0.0105386
0.0120724
0.0107703
0.00963481
0.00875145
0.00880148
0.00838934
0.00807999
0.00777461
0.00731754
0.00709559
0.00696217
0.00698853
0.00876758
0.0084
0.00853715
0.00837066
0.00807852
0.00798123
0.00779828
0.00753172
0.00755078
0.00729243
0.00705901
0.00682858
0.00668509
0.00647967
0.00631366
0.00624969
0.00627394
0.00611016
0.00594744
0.00589152
0.00583747
0.00582772
0.00594995
0.00582936
0.00575533
0.00566655
0.00596876
0.00584882
0.00618196
0.00611005
0.00603264
0.00605858
0.00596875
0.00594377
0.00583299
0.00573861
0.00570602
0.00569143
0.00561014
0.00556431
0.0056162
0.0055288
0.00544519
0.00537359
0.00529353
0.00556344
0.00547885
0.00541432
0.00535225
0.00527708
0.00520184
0.00512905
0.00510433
0.00504633
0.00503032
0.00496305
0.00492588
0.00495298
0.00494049
0.00514523
0.00508632
0.00502365
0.00497104
0.00494576
0.00490458
0.00486011
0.00480562
0.00475067
0.00472167
0.00469445
0.00464353
0.00474923
0.00470147
0.00466563
0.00464482
0.00462071
0.00462537
0.00457792
0.00454159
0.00449666
0.00445927
