inf
0.0509174
0.0441619
0.0378058
0.0293939
0.024365
0.0206344
0.01787
0.0168283
0.015665
0.0141873
0.0132327
0.0121727
0.011271
0.0106453
0.0106113
0.00997955
0.00946587
0.00895405
0.00864944
0.00831721
0.00799102
0.00768823
0.00737281
0.0071721
0.00689083
0.00673612
0.0064934
0.00627712
0.00606525
0.00590918
0.00575203
0.00575831
0.00574244
0.00563541
0.00548234
0.00541019
0.00527323
0.00514058
0.00506606
0.00494386
0.00482471
0.00471498
0.00464238
0.00454416
0.00444785
0.00436415
0.00427301
0.00420479
0.00412855
0.00404942
0.00400088
0.00394484
0.00390158
0.00385233
0.00378435
0.00378241
0.00378636
0.00374982
0.00370427
0.00377464
0.00381358
0.00375276
0.00369467
0.00365644
0.00360063
0.00374176
0.00368793
0.00365476
0.00375151
0.00370023
0.00364879
0.00360281
0.0036722
0.00362436
0.0036
0.00363143
0.00360904
0.00359473
0.00355377
0.00358188
0.0035481
0.00351336
0.00347257
0.00350816
0.00346715
0.00343453
0.00345584
0.00344432
0.00341033
0.00348615
0.00348103
0.00345576
0.00341879
0.00341296
0.00338544
0.00335048
0.00332812
0.00330514
0.00328711
